-------------------------------------------------------------------------------
Test set: se.kth.iv1350.seminarium3.view.ViewTest
-------------------------------------------------------------------------------
Tests run: 1, Failures: 1, Errors: 0, Skipped: 0, Time elapsed: 0.034 sec <<< FAILURE!
se.kth.iv1350.seminarium3.view.ViewTest.testInitializeNewSale()  Time elapsed: 0.033 sec  <<< FAILURE!
java.lang.NullPointerException
	at se.kth.iv1350.seminarium3.view.ViewTest.testInitializeNewSale(ViewTest.java:68)

